  Actor.cpp
  AnimSpriteComponent.cpp
c:\vs projects\asteroids\src\animspritecomponent.cpp(21): warning C4244: '=': conversion from '_Ty2' to 'float', possible loss of data
          with
          [
              _Ty2=int
          ]
  Asteroid.cpp
  BGSpriteComponent.cpp
  CircleComponent.cpp
  Component.cpp
  Enemy.cpp
  EnemyLaser.cpp
  Explosion.cpp
  Game.cpp
  InputComponent.cpp
  Laser.cpp
  Main.cpp
  Math.cpp
  MoveComponent.cpp
  PhysicsInputComponent.cpp
  PhysicsMoveComponent.cpp
  Random.cpp
  Ship.cpp
  SoundManager.cpp
  Compiling...
  SpriteComponent.cpp
  TileMapComponent.cpp
c:\vs projects\asteroids\src\tilemapcomponent.cpp(24): warning C4018: '<': signed/unsigned mismatch
c:\vs projects\asteroids\src\tilemapcomponent.cpp(26): warning C4018: '<': signed/unsigned mismatch
  Generating code
  All 1549 functions were compiled because no usable IPDB/IOBJ from previous compilation was found.
  Finished generating code
  Asteroids.vcxproj -> C:\VS Projects\Asteroids\Release\Asteroids.exe
